================================================================================
Test time: 2026-02-19 18:24:46
Function name: mcp_server_integration
Test file: test_code/test_mcp_server_integration.py
Test framework: unittest
Return code: 1
================================================================================

【STDOUT】
--------------------------------------------------------------------------------
(no output)

【STDERR】
--------------------------------------------------------------------------------
EE
======================================================================
ERROR: test_chat_endpoint_success (__main__.TestMCPServerIntegration)
Test the /chat endpoint for a successful agent run.
----------------------------------------------------------------------
Traceback (most recent call last):
  File "/usr/local/lib/python3.10/unittest/mock.py", line 1376, in patched
    with self.decoration_helper(patched,
  File "/usr/local/lib/python3.10/contextlib.py", line 135, in __enter__
    return next(self.gen)
  File "/usr/local/lib/python3.10/unittest/mock.py", line 1358, in decoration_helper
    arg = exit_stack.enter_context(patching)
  File "/usr/local/lib/python3.10/contextlib.py", line 492, in enter_context
    result = _cm_type.__enter__(cm)
  File "/usr/local/lib/python3.10/unittest/mock.py", line 1431, in __enter__
    self.target = self.getter()
  File "/usr/local/lib/python3.10/unittest/mock.py", line 1618, in <lambda>
    getter = lambda: _importer(target)
  File "/usr/local/lib/python3.10/unittest/mock.py", line 1257, in _importer
    thing = __import__(import_path)
ModuleNotFoundError: No module named 'server'

======================================================================
ERROR: test_homepage_endpoint (__main__.TestMCPServerIntegration)
Test that the homepage endpoint returns a 200 OK response.
----------------------------------------------------------------------
Traceback (most recent call last):
  File "/usr/local/lib/python3.10/unittest/mock.py", line 1376, in patched
    with self.decoration_helper(patched,
  File "/usr/local/lib/python3.10/contextlib.py", line 135, in __enter__
    return next(self.gen)
  File "/usr/local/lib/python3.10/unittest/mock.py", line 1358, in decoration_helper
    arg = exit_stack.enter_context(patching)
  File "/usr/local/lib/python3.10/contextlib.py", line 492, in enter_context
    result = _cm_type.__enter__(cm)
  File "/usr/local/lib/python3.10/unittest/mock.py", line 1431, in __enter__
    self.target = self.getter()
  File "/usr/local/lib/python3.10/unittest/mock.py", line 1618, in <lambda>
    getter = lambda: _importer(target)
  File "/usr/local/lib/python3.10/unittest/mock.py", line 1257, in _importer
    thing = __import__(import_path)
ModuleNotFoundError: No module named 'server'

----------------------------------------------------------------------
Ran 2 tests in 0.005s

FAILED (errors=2)

================================================================================
Log end
